<?xml version="1.0" encoding="UTF-8"?>
<!-- Generated by org.testng.reporters.JUnitXMLReporter -->
<testsuite ignored="0" hostname="LTIN433581" failures="0" tests="6" name="Test" time="33.578" errors="0" timestamp="2023-10-23T14:22:18 IST">
  <testcase classname="basesearch.Searchtravel" name="accessgetURL" time="6.816"/>
  <testcase classname="basesearch.Searchtravel" name="BasedLocation" time="8.337"/>
  <testcase classname="basesearch.Searchtravel" name="calculatingResultscreen" time="1.515"/>
  <testcase classname="basesearch.Searchtravel" name="ticketselection" time="0.626"/>
  <testcase classname="basesearch.Searchtravel" name="Login" time="4.766"/>
  <testcase classname="basesearch.Searchtravel" name="accountcreation" time="5.946"/>
</testsuite> <!-- Test -->
